2019/08/30 11:01:41 [INFO] Terraform version: 0.11.14 mesosphere 
2019/08/30 11:01:41 [INFO] Go runtime version: go1.12
2019/08/30 11:01:41 [INFO] CLI args: []string{"/bin/terraform", "init", "-upgrade"}
2019/08/30 11:01:41 [DEBUG] Attempting to open CLI config file: /root/.terraformrc
2019/08/30 11:01:41 [DEBUG] File doesn't exist, but doesn't need to. Ignoring.
2019/08/30 11:01:41 [INFO] CLI command args: []string{"init", "-upgrade"}
2019/08/30 11:01:41 [DEBUG] command: loading backend config file: /jenkins/workspace/terraform-aws-dcos_support_0.2.x
2019/08/30 11:01:41 [INFO] no matching version for "dcos-terraform/infrastructure/aws"<~> 0.2.4>, no versions found
2019/08/30 11:01:41 [DEBUG] matched "dcos-terraform/infrastructure/aws" version  for ~> 0.2.4
2019/08/30 11:01:41 [DEBUG] Service discovery for registry.terraform.io at https://registry.terraform.io/.well-known/terraform.json
2019/08/30 11:01:42 [DEBUG] fetching module versions from "https://registry.terraform.io/v1/modules/dcos-terraform/infrastructure/aws/versions"
2019/08/30 11:01:42 [DEBUG] found available version "0.0.2" for dcos-terraform/infrastructure/aws
2019/08/30 11:01:42 [DEBUG] found available version "0.0.4" for dcos-terraform/infrastructure/aws
2019/08/30 11:01:42 [DEBUG] found available version "0.0.3" for dcos-terraform/infrastructure/aws
2019/08/30 11:01:42 [DEBUG] found available version "0.0.5" for dcos-terraform/infrastructure/aws
2019/08/30 11:01:42 [DEBUG] found available version "0.1.9" for dcos-terraform/infrastructure/aws
2019/08/30 11:01:42 [DEBUG] found available version "0.0.7" for dcos-terraform/infrastructure/aws
2019/08/30 11:01:42 [DEBUG] found available version "0.0.8" for dcos-terraform/infrastructure/aws
2019/08/30 11:01:42 [DEBUG] found available version "0.1.1" for dcos-terraform/infrastructure/aws
2019/08/30 11:01:42 [DEBUG] found available version "0.0.1" for dcos-terraform/infrastructure/aws
2019/08/30 11:01:42 [DEBUG] found available version "0.1.2" for dcos-terraform/infrastructure/aws
2019/08/30 11:01:42 [DEBUG] found available version "0.1.5" for dcos-terraform/infrastructure/aws
2019/08/30 11:01:42 [DEBUG] found available version "0.0.10" for dcos-terraform/infrastructure/aws
2019/08/30 11:01:42 [DEBUG] found available version "0.0.9" for dcos-terraform/infrastructure/aws
2019/08/30 11:01:42 [DEBUG] found available version "0.0.11" for dcos-terraform/infrastructure/aws
2019/08/30 11:01:42 [DEBUG] found available version "0.0.6" for dcos-terraform/infrastructure/aws
2019/08/30 11:01:42 [DEBUG] found available version "0.1.0" for dcos-terraform/infrastructure/aws
2019/08/30 11:01:42 [DEBUG] found available version "0.0.12" for dcos-terraform/infrastructure/aws
2019/08/30 11:01:42 [DEBUG] found available version "0.0.13" for dcos-terraform/infrastructure/aws
2019/08/30 11:01:42 [DEBUG] found available version "0.0.14" for dcos-terraform/infrastructure/aws
2019/08/30 11:01:42 [DEBUG] found available version "0.0.15" for dcos-terraform/infrastructure/aws
2019/08/30 11:01:42 [DEBUG] found available version "0.1.6" for dcos-terraform/infrastructure/aws
2019/08/30 11:01:42 [DEBUG] found available version "0.1.3" for dcos-terraform/infrastructure/aws
2019/08/30 11:01:42 [DEBUG] found available version "0.2.3" for dcos-terraform/infrastructure/aws
2019/08/30 11:01:42 [DEBUG] found available version "0.1.7" for dcos-terraform/infrastructure/aws
2019/08/30 11:01:42 [DEBUG] found available version "0.1.4" for dcos-terraform/infrastructure/aws
2019/08/30 11:01:42 [DEBUG] found available version "0.1.10" for dcos-terraform/infrastructure/aws
2019/08/30 11:01:42 [DEBUG] found available version "0.1.11" for dcos-terraform/infrastructure/aws
2019/08/30 11:01:42 [DEBUG] found available version "0.2.1" for dcos-terraform/infrastructure/aws
2019/08/30 11:01:42 [DEBUG] found available version "0.2.2" for dcos-terraform/infrastructure/aws
2019/08/30 11:01:42 [DEBUG] found available version "0.2.0" for dcos-terraform/infrastructure/aws
2019/08/30 11:01:42 [DEBUG] found available version "0.2.4" for dcos-terraform/infrastructure/aws
2019/08/30 11:01:42 [DEBUG] found available version "0.1.8" for dcos-terraform/infrastructure/aws
2019/08/30 11:01:42 [DEBUG] looking up module location from "https://registry.terraform.io/v1/modules/dcos-terraform/infrastructure/aws/0.2.4/download"
2019/08/30 11:01:42 [DEBUG] found "https://api.github.com/repos/dcos-terraform/terraform-aws-infrastructure/tarball/0.2.4?archive=tar.gz" in ".terraform/modules/8cf03b3903de9451798c1f3d9257c316": true
2019/08/30 11:01:42 [TRACE] "https://api.github.com/repos/dcos-terraform/terraform-aws-infrastructure/tarball/0.2.4?archive=tar.gz" stored in ".terraform/modules/8cf03b3903de9451798c1f3d9257c316"
2019/08/30 11:01:42 [INFO] no matching version for "dcos-terraform/dcos-install-remote-exec/null"<~> 0.2.1>, no versions found
2019/08/30 11:01:42 [DEBUG] matched "dcos-terraform/dcos-install-remote-exec/null" version  for ~> 0.2.1
2019/08/30 11:01:42 [DEBUG] fetching module versions from "https://registry.terraform.io/v1/modules/dcos-terraform/dcos-install-remote-exec/null/versions"
2019/08/30 11:01:42 [DEBUG] found available version "0.1.1" for dcos-terraform/dcos-install-remote-exec/null
2019/08/30 11:01:42 [DEBUG] found available version "0.2.2" for dcos-terraform/dcos-install-remote-exec/null
2019/08/30 11:01:42 [DEBUG] found available version "0.2.1" for dcos-terraform/dcos-install-remote-exec/null
2019/08/30 11:01:42 [DEBUG] found available version "0.2.0" for dcos-terraform/dcos-install-remote-exec/null
2019/08/30 11:01:42 [DEBUG] found available version "0.0.1" for dcos-terraform/dcos-install-remote-exec/null
2019/08/30 11:01:42 [DEBUG] found available version "0.0.3" for dcos-terraform/dcos-install-remote-exec/null
2019/08/30 11:01:42 [DEBUG] found available version "0.0.7" for dcos-terraform/dcos-install-remote-exec/null
2019/08/30 11:01:42 [DEBUG] found available version "0.1.0" for dcos-terraform/dcos-install-remote-exec/null
2019/08/30 11:01:42 [DEBUG] found available version "0.0.6" for dcos-terraform/dcos-install-remote-exec/null
2019/08/30 11:01:42 [DEBUG] found available version "0.0.5" for dcos-terraform/dcos-install-remote-exec/null
2019/08/30 11:01:42 [DEBUG] found available version "0.0.4" for dcos-terraform/dcos-install-remote-exec/null
2019/08/30 11:01:42 [DEBUG] found available version "0.0.2" for dcos-terraform/dcos-install-remote-exec/null
2019/08/30 11:01:42 [DEBUG] looking up module location from "https://registry.terraform.io/v1/modules/dcos-terraform/dcos-install-remote-exec/null/0.2.2/download"
2019/08/30 11:01:42 [DEBUG] found "https://api.github.com/repos/dcos-terraform/terraform-null-dcos-install-remote-exec/tarball/0.2.2?archive=tar.gz" in ".terraform/modules/6d951e39afa48e8ff510e8e2e29bccd2": true
2019/08/30 11:01:42 [TRACE] "https://api.github.com/repos/dcos-terraform/terraform-null-dcos-install-remote-exec/tarball/0.2.2?archive=tar.gz" stored in ".terraform/modules/6d951e39afa48e8ff510e8e2e29bccd2"
2019/08/30 11:01:42 [INFO] no matching version for "dcos-terraform/vpc/aws"<~> 0.2.0>, no versions found
2019/08/30 11:01:42 [DEBUG] matched "dcos-terraform/vpc/aws" version  for ~> 0.2.0
2019/08/30 11:01:42 [DEBUG] fetching module versions from "https://registry.terraform.io/v1/modules/dcos-terraform/vpc/aws/versions"
2019/08/30 11:01:43 [DEBUG] found available version "0.1.1" for dcos-terraform/vpc/aws
2019/08/30 11:01:43 [DEBUG] found available version "0.2.0" for dcos-terraform/vpc/aws
2019/08/30 11:01:43 [DEBUG] found available version "0.0.2" for dcos-terraform/vpc/aws
2019/08/30 11:01:43 [DEBUG] found available version "0.1.0" for dcos-terraform/vpc/aws
2019/08/30 11:01:43 [DEBUG] found available version "0.0.5" for dcos-terraform/vpc/aws
2019/08/30 11:01:43 [DEBUG] found available version "0.0.4" for dcos-terraform/vpc/aws
2019/08/30 11:01:43 [DEBUG] found available version "0.0.3" for dcos-terraform/vpc/aws
2019/08/30 11:01:43 [DEBUG] found available version "0.0.1" for dcos-terraform/vpc/aws
2019/08/30 11:01:43 [DEBUG] looking up module location from "https://registry.terraform.io/v1/modules/dcos-terraform/vpc/aws/0.2.0/download"
2019/08/30 11:01:43 [DEBUG] found "https://api.github.com/repos/dcos-terraform/terraform-aws-vpc/tarball/0.2.0?archive=tar.gz" in ".terraform/modules/f13de1795ac9f3af79d32c1aea609ee6": true
2019/08/30 11:01:43 [TRACE] "https://api.github.com/repos/dcos-terraform/terraform-aws-vpc/tarball/0.2.0?archive=tar.gz" stored in ".terraform/modules/f13de1795ac9f3af79d32c1aea609ee6"
2019/08/30 11:01:43 [DEBUG] found available version "0.2.1" for dcos-terraform/security-groups/aws
2019/08/30 11:01:43 [DEBUG] found available version "0.1.2" for dcos-terraform/security-groups/aws
2019/08/30 11:01:43 [DEBUG] found available version "0.2.0" for dcos-terraform/security-groups/aws
2019/08/30 11:01:43 [DEBUG] found available version "0.1.1" for dcos-terraform/security-groups/aws
2019/08/30 11:01:43 [DEBUG] found available version "0.1.0" for dcos-terraform/security-groups/aws
2019/08/30 11:01:43 [DEBUG] found available version "0.0.6" for dcos-terraform/security-groups/aws
2019/08/30 11:01:43 [DEBUG] found available version "0.0.5" for dcos-terraform/security-groups/aws
2019/08/30 11:01:43 [DEBUG] found available version "0.0.4" for dcos-terraform/security-groups/aws
2019/08/30 11:01:43 [DEBUG] found available version "0.0.3" for dcos-terraform/security-groups/aws
2019/08/30 11:01:43 [DEBUG] found available version "0.0.2" for dcos-terraform/security-groups/aws
2019/08/30 11:01:43 [DEBUG] found available version "0.0.1" for dcos-terraform/security-groups/aws
2019/08/30 11:01:43 [DEBUG] looking up module location from "https://registry.terraform.io/v1/modules/dcos-terraform/security-groups/aws/0.2.1/download"
2019/08/30 11:01:43 [DEBUG] found "https://api.github.com/repos/dcos-terraform/terraform-aws-security-groups/tarball/0.2.1?archive=tar.gz" in ".terraform/modules/0a33953475b4fad14c7af64b04f699f8": true
2019/08/30 11:01:43 [TRACE] "https://api.github.com/repos/dcos-terraform/terraform-aws-security-groups/tarball/0.2.1?archive=tar.gz" stored in ".terraform/modules/0a33953475b4fad14c7af64b04f699f8"
2019/08/30 11:01:43 [INFO] no matching version for "dcos-terraform/iam/aws"<~> 0.2.0>, no versions found
2019/08/30 11:01:43 [DEBUG] matched "dcos-terraform/iam/aws" version  for ~> 0.2.0
2019/08/30 11:01:43 [DEBUG] fetching module versions from "https://registry.terraform.io/v1/modules/dcos-terraform/iam/aws/versions"
2019/08/30 11:01:43 [DEBUG] found available version "0.2.1" for dcos-terraform/iam/aws
2019/08/30 11:01:43 [DEBUG] found available version "0.1.2" for dcos-terraform/iam/aws
2019/08/30 11:01:43 [DEBUG] found available version "0.2.0" for dcos-terraform/iam/aws
2019/08/30 11:01:43 [DEBUG] found available version "0.0.2" for dcos-terraform/iam/aws
2019/08/30 11:01:43 [DEBUG] found available version "0.0.5" for dcos-terraform/iam/aws
2019/08/30 11:01:43 [DEBUG] found available version "0.0.4" for dcos-terraform/iam/aws
2019/08/30 11:01:43 [DEBUG] found available version "0.1.1" for dcos-terraform/iam/aws
2019/08/30 11:01:43 [DEBUG] found available version "0.1.0" for dcos-terraform/iam/aws
2019/08/30 11:01:43 [DEBUG] found available version "0.0.3" for dcos-terraform/iam/aws
2019/08/30 11:01:43 [DEBUG] found available version "0.0.1" for dcos-terraform/iam/aws
2019/08/30 11:01:43 [DEBUG] looking up module location from "https://registry.terraform.io/v1/modules/dcos-terraform/iam/aws/0.2.1/download"
2019/08/30 11:01:44 [DEBUG] found "https://api.github.com/repos/dcos-terraform/terraform-aws-iam/tarball/0.2.1?archive=tar.gz" in ".terraform/modules/696378012c3ef43c31131184a5c40f2b": true
2019/08/30 11:01:44 [TRACE] "https://api.github.com/repos/dcos-terraform/terraform-aws-iam/tarball/0.2.1?archive=tar.gz" stored in ".terraform/modules/696378012c3ef43c31131184a5c40f2b"
2019/08/30 11:01:44 [INFO] no matching version for "dcos-terraform/bootstrap/aws"<~> 0.2.0>, no versions found
2019/08/30 11:01:44 [DEBUG] matched "dcos-terraform/bootstrap/aws" version  for ~> 0.2.0
2019/08/30 11:01:44 [DEBUG] fetching module versions from "https://registry.terraform.io/v1/modules/dcos-terraform/bootstrap/aws/versions"
2019/08/30 11:01:44 [DEBUG] found available version "0.2.2" for dcos-terraform/bootstrap/aws
2019/08/30 11:01:44 [DEBUG] found available version "0.2.1" for dcos-terraform/bootstrap/aws
2019/08/30 11:01:44 [DEBUG] found available version "0.1.2" for dcos-terraform/bootstrap/aws
2019/08/30 11:01:44 [DEBUG] found available version "0.2.0" for dcos-terraform/bootstrap/aws
2019/08/30 11:01:44 [DEBUG] found available version "0.1.1" for dcos-terraform/bootstrap/aws
2019/08/30 11:01:44 [DEBUG] found available version "0.1.0" for dcos-terraform/bootstrap/aws
2019/08/30 11:01:44 [DEBUG] found available version "0.0.13" for dcos-terraform/bootstrap/aws
2019/08/30 11:01:44 [DEBUG] found available version "0.0.12" for dcos-terraform/bootstrap/aws
2019/08/30 11:01:44 [DEBUG] found available version "0.0.11" for dcos-terraform/bootstrap/aws
2019/08/30 11:01:44 [DEBUG] found available version "0.0.10" for dcos-terraform/bootstrap/aws
2019/08/30 11:01:44 [DEBUG] found available version "0.0.9" for dcos-terraform/bootstrap/aws
2019/08/30 11:01:44 [DEBUG] found available version "0.0.8" for dcos-terraform/bootstrap/aws
2019/08/30 11:01:44 [DEBUG] found available version "0.0.7" for dcos-terraform/bootstrap/aws
2019/08/30 11:01:44 [DEBUG] found available version "0.0.6" for dcos-terraform/bootstrap/aws
2019/08/30 11:01:44 [DEBUG] found available version "0.0.5" for dcos-terraform/bootstrap/aws
2019/08/30 11:01:44 [DEBUG] found available version "0.0.4" for dcos-terraform/bootstrap/aws
2019/08/30 11:01:44 [DEBUG] found available version "0.0.3" for dcos-terraform/bootstrap/aws
2019/08/30 11:01:44 [DEBUG] found available version "0.0.2" for dcos-terraform/bootstrap/aws
2019/08/30 11:01:44 [DEBUG] found available version "0.0.1" for dcos-terraform/bootstrap/aws
2019/08/30 11:01:44 [DEBUG] looking up module location from "https://registry.terraform.io/v1/modules/dcos-terraform/bootstrap/aws/0.2.2/download"
2019/08/30 11:01:44 [DEBUG] found "https://api.github.com/repos/dcos-terraform/terraform-aws-bootstrap/tarball/0.2.2?archive=tar.gz" in ".terraform/modules/eff49fb8660f08c96e0c87494de8ea10": true
2019/08/30 11:01:44 [TRACE] "https://api.github.com/repos/dcos-terraform/terraform-aws-bootstrap/tarball/0.2.2?archive=tar.gz" stored in ".terraform/modules/eff49fb8660f08c96e0c87494de8ea10"
2019/08/30 11:01:44 [INFO] no matching version for "dcos-terraform/masters/aws"<~> 0.2.0>, no versions found
2019/08/30 11:01:44 [DEBUG] matched "dcos-terraform/masters/aws" version  for ~> 0.2.0
2019/08/30 11:01:44 [DEBUG] fetching module versions from "https://registry.terraform.io/v1/modules/dcos-terraform/masters/aws/versions"
2019/08/30 11:01:44 [DEBUG] found available version "0.1.2" for dcos-terraform/masters/aws
2019/08/30 11:01:44 [DEBUG] found available version "0.2.1" for dcos-terraform/masters/aws
2019/08/30 11:01:44 [DEBUG] found available version "0.2.0" for dcos-terraform/masters/aws
2019/08/30 11:01:44 [DEBUG] found available version "0.1.1" for dcos-terraform/masters/aws
2019/08/30 11:01:44 [DEBUG] found available version "0.1.0" for dcos-terraform/masters/aws
2019/08/30 11:01:44 [DEBUG] found available version "0.0.13" for dcos-terraform/masters/aws
2019/08/30 11:01:44 [DEBUG] found available version "0.0.12" for dcos-terraform/masters/aws
2019/08/30 11:01:44 [DEBUG] found available version "0.0.11" for dcos-terraform/masters/aws
2019/08/30 11:01:44 [DEBUG] found available version "0.0.10" for dcos-terraform/masters/aws
2019/08/30 11:01:44 [DEBUG] found available version "0.0.9" for dcos-terraform/masters/aws
2019/08/30 11:01:44 [DEBUG] found available version "0.0.8" for dcos-terraform/masters/aws
2019/08/30 11:01:44 [DEBUG] found available version "0.0.7" for dcos-terraform/masters/aws
2019/08/30 11:01:44 [DEBUG] found available version "0.0.6" for dcos-terraform/masters/aws
2019/08/30 11:01:44 [DEBUG] found available version "0.0.5" for dcos-terraform/masters/aws
2019/08/30 11:01:44 [DEBUG] found available version "0.0.4" for dcos-terraform/masters/aws
2019/08/30 11:01:44 [DEBUG] found available version "0.0.2" for dcos-terraform/masters/aws
2019/08/30 11:01:44 [DEBUG] found available version "0.0.1" for dcos-terraform/masters/aws
2019/08/30 11:01:44 [DEBUG] looking up module location from "https://registry.terraform.io/v1/modules/dcos-terraform/masters/aws/0.2.1/download"
2019/08/30 11:01:45 [DEBUG] found "https://api.github.com/repos/dcos-terraform/terraform-aws-masters/tarball/0.2.1?archive=tar.gz" in ".terraform/modules/7e0f99506f03c7ce0fe134f2f52add1e": true
2019/08/30 11:01:45 [TRACE] "https://api.github.com/repos/dcos-terraform/terraform-aws-masters/tarball/0.2.1?archive=tar.gz" stored in ".terraform/modules/7e0f99506f03c7ce0fe134f2f52add1e"
2019/08/30 11:01:45 [INFO] no matching version for "dcos-terraform/private-agents/aws"<~> 0.2.0>, no versions found
2019/08/30 11:01:45 [DEBUG] matched "dcos-terraform/private-agents/aws" version  for ~> 0.2.0
2019/08/30 11:01:45 [DEBUG] fetching module versions from "https://registry.terraform.io/v1/modules/dcos-terraform/private-agents/aws/versions"
2019/08/30 11:01:45 [DEBUG] found available version "0.1.2" for dcos-terraform/private-agents/aws
2019/08/30 11:01:45 [DEBUG] found available version "0.2.1" for dcos-terraform/private-agents/aws
2019/08/30 11:01:45 [DEBUG] found available version "0.0.12" for dcos-terraform/private-agents/aws
2019/08/30 11:01:45 [DEBUG] found available version "0.2.0" for dcos-terraform/private-agents/aws
2019/08/30 11:01:45 [DEBUG] found available version "0.1.1" for dcos-terraform/private-agents/aws
2019/08/30 11:01:45 [DEBUG] found available version "0.1.0" for dcos-terraform/private-agents/aws
2019/08/30 11:01:45 [DEBUG] found available version "0.0.11" for dcos-terraform/private-agents/aws
2019/08/30 11:01:45 [DEBUG] found available version "0.0.10" for dcos-terraform/private-agents/aws
2019/08/30 11:01:45 [DEBUG] found available version "0.0.9" for dcos-terraform/private-agents/aws
2019/08/30 11:01:45 [DEBUG] found available version "0.0.8" for dcos-terraform/private-agents/aws
2019/08/30 11:01:45 [DEBUG] found available version "0.0.7" for dcos-terraform/private-agents/aws
2019/08/30 11:01:45 [DEBUG] found available version "0.0.6" for dcos-terraform/private-agents/aws
2019/08/30 11:01:45 [DEBUG] found available version "0.0.5" for dcos-terraform/private-agents/aws
2019/08/30 11:01:45 [DEBUG] found available version "0.0.4" for dcos-terraform/private-agents/aws
2019/08/30 11:01:45 [DEBUG] found available version "0.0.3" for dcos-terraform/private-agents/aws
2019/08/30 11:01:45 [DEBUG] found available version "0.0.2" for dcos-terraform/private-agents/aws
2019/08/30 11:01:45 [DEBUG] found available version "0.0.1" for dcos-terraform/private-agents/aws
2019/08/30 11:01:45 [DEBUG] looking up module location from "https://registry.terraform.io/v1/modules/dcos-terraform/private-agents/aws/0.2.1/download"
2019/08/30 11:01:45 [DEBUG] found "https://api.github.com/repos/dcos-terraform/terraform-aws-private-agents/tarball/0.2.1?archive=tar.gz" in ".terraform/modules/6812eaf7f452b4cf30d934f28cd58fe2": true
2019/08/30 11:01:45 [TRACE] "https://api.github.com/repos/dcos-terraform/terraform-aws-private-agents/tarball/0.2.1?archive=tar.gz" stored in ".terraform/modules/6812eaf7f452b4cf30d934f28cd58fe2"
2019/08/30 11:01:45 [INFO] no matching version for "dcos-terraform/public-agents/aws"<~> 0.2.2>, no versions found
2019/08/30 11:01:45 [DEBUG] matched "dcos-terraform/public-agents/aws" version  for ~> 0.2.2
2019/08/30 11:01:45 [DEBUG] fetching module versions from "https://registry.terraform.io/v1/modules/dcos-terraform/public-agents/aws/versions"
2019/08/30 11:01:45 [DEBUG] found available version "0.1.3" for dcos-terraform/public-agents/aws
2019/08/30 11:01:45 [DEBUG] found available version "0.2.2" for dcos-terraform/public-agents/aws
2019/08/30 11:01:45 [DEBUG] found available version "0.2.1" for dcos-terraform/public-agents/aws
2019/08/30 11:01:45 [DEBUG] found available version "0.0.10" for dcos-terraform/public-agents/aws
2019/08/30 11:01:45 [DEBUG] found available version "0.0.3" for dcos-terraform/public-agents/aws
2019/08/30 11:01:45 [DEBUG] found available version "0.0.4" for dcos-terraform/public-agents/aws
2019/08/30 11:01:45 [DEBUG] found available version "0.0.5" for dcos-terraform/public-agents/aws
2019/08/30 11:01:45 [DEBUG] found available version "0.0.9" for dcos-terraform/public-agents/aws
2019/08/30 11:01:45 [DEBUG] found available version "0.0.11" for dcos-terraform/public-agents/aws
2019/08/30 11:01:45 [DEBUG] found available version "0.2.0" for dcos-terraform/public-agents/aws
2019/08/30 11:01:45 [DEBUG] found available version "0.1.2" for dcos-terraform/public-agents/aws
2019/08/30 11:01:45 [DEBUG] found available version "0.1.1" for dcos-terraform/public-agents/aws
2019/08/30 11:01:45 [DEBUG] found available version "0.1.0" for dcos-terraform/public-agents/aws
2019/08/30 11:01:45 [DEBUG] found available version "0.0.12" for dcos-terraform/public-agents/aws
2019/08/30 11:01:45 [DEBUG] found available version "0.0.8" for dcos-terraform/public-agents/aws
2019/08/30 11:01:45 [DEBUG] found available version "0.0.7" for dcos-terraform/public-agents/aws
2019/08/30 11:01:45 [DEBUG] found available version "0.0.6" for dcos-terraform/public-agents/aws
2019/08/30 11:01:45 [DEBUG] found available version "0.0.2" for dcos-terraform/public-agents/aws
2019/08/30 11:01:45 [DEBUG] found available version "0.0.1" for dcos-terraform/public-agents/aws
2019/08/30 11:01:45 [DEBUG] looking up module location from "https://registry.terraform.io/v1/modules/dcos-terraform/public-agents/aws/0.2.2/download"
2019/08/30 11:01:45 [DEBUG] found "https://api.github.com/repos/dcos-terraform/terraform-aws-public-agents/tarball/0.2.2?archive=tar.gz" in ".terraform/modules/b2a633c11a957db26da66295e0d44d00": true
2019/08/30 11:01:45 [TRACE] "https://api.github.com/repos/dcos-terraform/terraform-aws-public-agents/tarball/0.2.2?archive=tar.gz" stored in ".terraform/modules/b2a633c11a957db26da66295e0d44d00"
2019/08/30 11:01:45 [INFO] no matching version for "dcos-terraform/lb-dcos/aws"<~> 0.2.0>, no versions found
2019/08/30 11:01:45 [DEBUG] matched "dcos-terraform/lb-dcos/aws" version  for ~> 0.2.0
2019/08/30 11:01:45 [DEBUG] fetching module versions from "https://registry.terraform.io/v1/modules/dcos-terraform/lb-dcos/aws/versions"
2019/08/30 11:01:45 [DEBUG] found available version "0.2.0" for dcos-terraform/lb-dcos/aws
2019/08/30 11:01:45 [DEBUG] found available version "0.0.1" for dcos-terraform/lb-dcos/aws
2019/08/30 11:01:45 [DEBUG] looking up module location from "https://registry.terraform.io/v1/modules/dcos-terraform/lb-dcos/aws/0.2.0/download"
2019/08/30 11:01:46 [DEBUG] found "https://api.github.com/repos/dcos-terraform/terraform-aws-lb-dcos/tarball/0.2.0?archive=tar.gz" in ".terraform/modules/c73f6bd686dbaa9c4f961e07dfd07947": true
2019/08/30 11:01:46 [TRACE] "https://api.github.com/repos/dcos-terraform/terraform-aws-lb-dcos/tarball/0.2.0?archive=tar.gz" stored in ".terraform/modules/c73f6bd686dbaa9c4f961e07dfd07947"
2019/08/30 11:01:46 [INFO] no matching version for "dcos-terraform/instance/aws"<~> 0.2.0>, no versions found
2019/08/30 11:01:46 [DEBUG] matched "dcos-terraform/instance/aws" version  for ~> 0.2.0
2019/08/30 11:01:46 [DEBUG] fetching module versions from "https://registry.terraform.io/v1/modules/dcos-terraform/instance/aws/versions"
2019/08/30 11:01:46 [DEBUG] found available version "0.2.3" for dcos-terraform/instance/aws
2019/08/30 11:01:46 [DEBUG] found available version "0.1.3" for dcos-terraform/instance/aws
2019/08/30 11:01:46 [DEBUG] found available version "0.2.2" for dcos-terraform/instance/aws
2019/08/30 11:01:46 [DEBUG] found available version "0.2.1" for dcos-terraform/instance/aws
2019/08/30 11:01:46 [DEBUG] found available version "0.2.0" for dcos-terraform/instance/aws
2019/08/30 11:01:46 [DEBUG] found available version "0.1.2" for dcos-terraform/instance/aws
2019/08/30 11:01:46 [DEBUG] found available version "0.1.1" for dcos-terraform/instance/aws
2019/08/30 11:01:46 [DEBUG] found available version "0.1.0" for dcos-terraform/instance/aws
2019/08/30 11:01:46 [DEBUG] found available version "0.0.7" for dcos-terraform/instance/aws
2019/08/30 11:01:46 [DEBUG] found available version "0.0.6" for dcos-terraform/instance/aws
2019/08/30 11:01:46 [DEBUG] found available version "0.0.5" for dcos-terraform/instance/aws
2019/08/30 11:01:46 [DEBUG] found available version "0.0.4" for dcos-terraform/instance/aws
2019/08/30 11:01:46 [DEBUG] found available version "0.0.3" for dcos-terraform/instance/aws
2019/08/30 11:01:46 [DEBUG] found available version "0.0.1" for dcos-terraform/instance/aws
2019/08/30 11:01:46 [DEBUG] found available version "0.0.2" for dcos-terraform/instance/aws
2019/08/30 11:01:46 [DEBUG] looking up module location from "https://registry.terraform.io/v1/modules/dcos-terraform/instance/aws/0.2.3/download"
2019/08/30 11:01:46 [DEBUG] found "https://api.github.com/repos/dcos-terraform/terraform-aws-instance/tarball/0.2.3?archive=tar.gz" in ".terraform/modules/9d66a0877f17cf4c04bc2d0fecff8f7f": true
2019/08/30 11:01:46 [TRACE] "https://api.github.com/repos/dcos-terraform/terraform-aws-instance/tarball/0.2.3?archive=tar.gz" stored in ".terraform/modules/9d66a0877f17cf4c04bc2d0fecff8f7f"
2019/08/30 11:01:46 [INFO] no matching version for "dcos-terraform/tested-oses/aws"<~> 0.2.0>, no versions found
2019/08/30 11:01:46 [DEBUG] matched "dcos-terraform/tested-oses/aws" version  for ~> 0.2.0
2019/08/30 11:01:46 [DEBUG] fetching module versions from "https://registry.terraform.io/v1/modules/dcos-terraform/tested-oses/aws/versions"
2019/08/30 11:01:46 [DEBUG] found available version "0.1.3" for dcos-terraform/tested-oses/aws
2019/08/30 11:01:46 [DEBUG] found available version "0.2.1" for dcos-terraform/tested-oses/aws
2019/08/30 11:01:46 [DEBUG] found available version "0.2.0" for dcos-terraform/tested-oses/aws
2019/08/30 11:01:46 [DEBUG] found available version "0.1.2" for dcos-terraform/tested-oses/aws
2019/08/30 11:01:46 [DEBUG] found available version "0.1.1" for dcos-terraform/tested-oses/aws
2019/08/30 11:01:46 [DEBUG] found available version "0.1.0" for dcos-terraform/tested-oses/aws
2019/08/30 11:01:46 [DEBUG] found available version "0.0.7" for dcos-terraform/tested-oses/aws
2019/08/30 11:01:46 [DEBUG] found available version "0.0.6" for dcos-terraform/tested-oses/aws
2019/08/30 11:01:46 [DEBUG] found available version "0.0.5" for dcos-terraform/tested-oses/aws
2019/08/30 11:01:46 [DEBUG] found available version "0.0.4" for dcos-terraform/tested-oses/aws
2019/08/30 11:01:46 [DEBUG] found available version "0.0.3" for dcos-terraform/tested-oses/aws
2019/08/30 11:01:46 [DEBUG] found available version "0.0.2" for dcos-terraform/tested-oses/aws
2019/08/30 11:01:46 [DEBUG] found available version "0.0.1" for dcos-terraform/tested-oses/aws
2019/08/30 11:01:46 [DEBUG] looking up module location from "https://registry.terraform.io/v1/modules/dcos-terraform/tested-oses/aws/0.2.1/download"
2019/08/30 11:01:47 [DEBUG] found "https://api.github.com/repos/dcos-terraform/terraform-aws-tested-oses/tarball/0.2.1?archive=tar.gz" in ".terraform/modules/d7602dc72c509ad0b08984fa991fb27a": true
2019/08/30 11:01:47 [TRACE] "https://api.github.com/repos/dcos-terraform/terraform-aws-tested-oses/tarball/0.2.1?archive=tar.gz" stored in ".terraform/modules/d7602dc72c509ad0b08984fa991fb27a"
2019/08/30 11:01:47 [DEBUG] found local version "0.2.3" for module dcos-terraform/instance/aws
2019/08/30 11:01:47 [DEBUG] matched "dcos-terraform/instance/aws" version 0.2.3 for ~> 0.2.0
2019/08/30 11:01:47 [DEBUG] fetching module versions from "https://registry.terraform.io/v1/modules/dcos-terraform/instance/aws/versions"
2019/08/30 11:01:47 [DEBUG] found available version "0.2.3" for dcos-terraform/instance/aws
2019/08/30 11:01:47 [DEBUG] found available version "0.1.3" for dcos-terraform/instance/aws
2019/08/30 11:01:47 [DEBUG] found available version "0.2.2" for dcos-terraform/instance/aws
2019/08/30 11:01:47 [DEBUG] found available version "0.2.1" for dcos-terraform/instance/aws
2019/08/30 11:01:47 [DEBUG] found available version "0.2.0" for dcos-terraform/instance/aws
2019/08/30 11:01:47 [DEBUG] found available version "0.1.2" for dcos-terraform/instance/aws
2019/08/30 11:01:47 [DEBUG] found available version "0.1.1" for dcos-terraform/instance/aws
2019/08/30 11:01:47 [DEBUG] found available version "0.1.0" for dcos-terraform/instance/aws
2019/08/30 11:01:47 [DEBUG] found available version "0.0.7" for dcos-terraform/instance/aws
2019/08/30 11:01:47 [DEBUG] found available version "0.0.6" for dcos-terraform/instance/aws
2019/08/30 11:01:47 [DEBUG] found available version "0.0.5" for dcos-terraform/instance/aws
2019/08/30 11:01:47 [DEBUG] found available version "0.0.4" for dcos-terraform/instance/aws
2019/08/30 11:01:47 [DEBUG] found available version "0.0.3" for dcos-terraform/instance/aws
2019/08/30 11:01:47 [DEBUG] found available version "0.0.1" for dcos-terraform/instance/aws
2019/08/30 11:01:47 [DEBUG] found available version "0.0.2" for dcos-terraform/instance/aws
2019/08/30 11:01:47 [DEBUG] looking up module location from "https://registry.terraform.io/v1/modules/dcos-terraform/instance/aws/0.2.3/download"
2019/08/30 11:01:47 [DEBUG] found "https://api.github.com/repos/dcos-terraform/terraform-aws-instance/tarball/0.2.3?archive=tar.gz" in ".terraform/modules/19a9e024affc3bc7324004a8f701675f": true
2019/08/30 11:01:47 [TRACE] "https://api.github.com/repos/dcos-terraform/terraform-aws-instance/tarball/0.2.3?archive=tar.gz" stored in ".terraform/modules/19a9e024affc3bc7324004a8f701675f"
2019/08/30 11:01:47 [DEBUG] found local version "0.2.1" for module dcos-terraform/tested-oses/aws
2019/08/30 11:01:47 [DEBUG] matched "dcos-terraform/tested-oses/aws" version 0.2.1 for ~> 0.2.0
2019/08/30 11:01:47 [DEBUG] fetching module versions from "https://registry.terraform.io/v1/modules/dcos-terraform/tested-oses/aws/versions"
2019/08/30 11:01:47 [DEBUG] found available version "0.1.3" for dcos-terraform/tested-oses/aws
2019/08/30 11:01:47 [DEBUG] found available version "0.2.1" for dcos-terraform/tested-oses/aws
2019/08/30 11:01:47 [DEBUG] found available version "0.2.0" for dcos-terraform/tested-oses/aws
2019/08/30 11:01:47 [DEBUG] found available version "0.1.2" for dcos-terraform/tested-oses/aws
2019/08/30 11:01:47 [DEBUG] found available version "0.1.1" for dcos-terraform/tested-oses/aws
2019/08/30 11:01:47 [DEBUG] found available version "0.1.0" for dcos-terraform/tested-oses/aws
2019/08/30 11:01:47 [DEBUG] found available version "0.0.7" for dcos-terraform/tested-oses/aws
2019/08/30 11:01:47 [DEBUG] found available version "0.0.6" for dcos-terraform/tested-oses/aws
2019/08/30 11:01:47 [DEBUG] found available version "0.0.5" for dcos-terraform/tested-oses/aws
2019/08/30 11:01:47 [DEBUG] found available version "0.0.4" for dcos-terraform/tested-oses/aws
2019/08/30 11:01:47 [DEBUG] found available version "0.0.3" for dcos-terraform/tested-oses/aws
2019/08/30 11:01:47 [DEBUG] found available version "0.0.2" for dcos-terraform/tested-oses/aws
2019/08/30 11:01:47 [DEBUG] found available version "0.0.1" for dcos-terraform/tested-oses/aws
2019/08/30 11:01:47 [DEBUG] looking up module location from "https://registry.terraform.io/v1/modules/dcos-terraform/tested-oses/aws/0.2.1/download"
2019/08/30 11:01:47 [DEBUG] found "https://api.github.com/repos/dcos-terraform/terraform-aws-tested-oses/tarball/0.2.1?archive=tar.gz" in ".terraform/modules/51b03899a3447551ea57dddfef9736a9": true
2019/08/30 11:01:47 [TRACE] "https://api.github.com/repos/dcos-terraform/terraform-aws-tested-oses/tarball/0.2.1?archive=tar.gz" stored in ".terraform/modules/51b03899a3447551ea57dddfef9736a9"
2019/08/30 11:01:47 [DEBUG] found local version "0.2.3" for module dcos-terraform/instance/aws
2019/08/30 11:01:47 [DEBUG] found local version "0.2.3" for module dcos-terraform/instance/aws
2019/08/30 11:01:47 [DEBUG] matched "dcos-terraform/instance/aws" version 0.2.3 for ~> 0.2.0
2019/08/30 11:01:47 [DEBUG] fetching module versions from "https://registry.terraform.io/v1/modules/dcos-terraform/instance/aws/versions"
2019/08/30 11:01:47 [DEBUG] found available version "0.2.3" for dcos-terraform/instance/aws
2019/08/30 11:01:47 [DEBUG] found available version "0.1.3" for dcos-terraform/instance/aws
2019/08/30 11:01:47 [DEBUG] found available version "0.2.2" for dcos-terraform/instance/aws
2019/08/30 11:01:47 [DEBUG] found available version "0.2.1" for dcos-terraform/instance/aws
2019/08/30 11:01:47 [DEBUG] found available version "0.2.0" for dcos-terraform/instance/aws
2019/08/30 11:01:47 [DEBUG] found available version "0.1.2" for dcos-terraform/instance/aws
2019/08/30 11:01:47 [DEBUG] found available version "0.1.1" for dcos-terraform/instance/aws
2019/08/30 11:01:47 [DEBUG] found available version "0.1.0" for dcos-terraform/instance/aws
2019/08/30 11:01:47 [DEBUG] found available version "0.0.7" for dcos-terraform/instance/aws
2019/08/30 11:01:47 [DEBUG] found available version "0.0.6" for dcos-terraform/instance/aws
2019/08/30 11:01:47 [DEBUG] found available version "0.0.5" for dcos-terraform/instance/aws
2019/08/30 11:01:47 [DEBUG] found available version "0.0.4" for dcos-terraform/instance/aws
2019/08/30 11:01:47 [DEBUG] found available version "0.0.3" for dcos-terraform/instance/aws
2019/08/30 11:01:47 [DEBUG] found available version "0.0.1" for dcos-terraform/instance/aws
2019/08/30 11:01:47 [DEBUG] found available version "0.0.2" for dcos-terraform/instance/aws
2019/08/30 11:01:47 [DEBUG] looking up module location from "https://registry.terraform.io/v1/modules/dcos-terraform/instance/aws/0.2.3/download"
2019/08/30 11:01:47 [DEBUG] found "https://api.github.com/repos/dcos-terraform/terraform-aws-instance/tarball/0.2.3?archive=tar.gz" in ".terraform/modules/54101eda7f8fd1d7a4d81bac893da7c1": true
2019/08/30 11:01:47 [TRACE] "https://api.github.com/repos/dcos-terraform/terraform-aws-instance/tarball/0.2.3?archive=tar.gz" stored in ".terraform/modules/54101eda7f8fd1d7a4d81bac893da7c1"
2019/08/30 11:01:47 [DEBUG] found local version "0.2.1" for module dcos-terraform/tested-oses/aws
2019/08/30 11:01:47 [DEBUG] found local version "0.2.1" for module dcos-terraform/tested-oses/aws
2019/08/30 11:01:47 [DEBUG] matched "dcos-terraform/tested-oses/aws" version 0.2.1 for ~> 0.2.0
2019/08/30 11:01:47 [DEBUG] fetching module versions from "https://registry.terraform.io/v1/modules/dcos-terraform/tested-oses/aws/versions"
2019/08/30 11:01:47 [DEBUG] found available version "0.1.3" for dcos-terraform/tested-oses/aws
2019/08/30 11:01:47 [DEBUG] found available version "0.2.1" for dcos-terraform/tested-oses/aws
2019/08/30 11:01:47 [DEBUG] found available version "0.2.0" for dcos-terraform/tested-oses/aws
2019/08/30 11:01:47 [DEBUG] found available version "0.1.2" for dcos-terraform/tested-oses/aws
2019/08/30 11:01:47 [DEBUG] found available version "0.1.1" for dcos-terraform/tested-oses/aws
2019/08/30 11:01:47 [DEBUG] found available version "0.1.0" for dcos-terraform/tested-oses/aws
2019/08/30 11:01:47 [DEBUG] found available version "0.0.7" for dcos-terraform/tested-oses/aws
2019/08/30 11:01:47 [DEBUG] found available version "0.0.6" for dcos-terraform/tested-oses/aws
2019/08/30 11:01:47 [DEBUG] found available version "0.0.5" for dcos-terraform/tested-oses/aws
2019/08/30 11:01:47 [DEBUG] found available version "0.0.4" for dcos-terraform/tested-oses/aws
2019/08/30 11:01:47 [DEBUG] found available version "0.0.3" for dcos-terraform/tested-oses/aws
2019/08/30 11:01:47 [DEBUG] found available version "0.0.2" for dcos-terraform/tested-oses/aws
2019/08/30 11:01:47 [DEBUG] found available version "0.0.1" for dcos-terraform/tested-oses/aws
2019/08/30 11:01:47 [DEBUG] looking up module location from "https://registry.terraform.io/v1/modules/dcos-terraform/tested-oses/aws/0.2.1/download"
2019/08/30 11:01:47 [DEBUG] found "https://api.github.com/repos/dcos-terraform/terraform-aws-tested-oses/tarball/0.2.1?archive=tar.gz" in ".terraform/modules/be1091911a91b3729a9ccfd064ff4140": true
2019/08/30 11:01:47 [TRACE] "https://api.github.com/repos/dcos-terraform/terraform-aws-tested-oses/tarball/0.2.1?archive=tar.gz" stored in ".terraform/modules/be1091911a91b3729a9ccfd064ff4140"
2019/08/30 11:01:47 [INFO] no matching version for "dcos-terraform/lb-masters/aws"<~> 0.2.0>, no versions found
2019/08/30 11:01:47 [DEBUG] matched "dcos-terraform/lb-masters/aws" version  for ~> 0.2.0
2019/08/30 11:01:47 [DEBUG] fetching module versions from "https://registry.terraform.io/v1/modules/dcos-terraform/lb-masters/aws/versions"
2019/08/30 11:01:47 [DEBUG] found available version "0.2.0" for dcos-terraform/lb-masters/aws
2019/08/30 11:01:47 [DEBUG] found available version "0.0.1" for dcos-terraform/lb-masters/aws
2019/08/30 11:01:47 [DEBUG] looking up module location from "https://registry.terraform.io/v1/modules/dcos-terraform/lb-masters/aws/0.2.0/download"
2019/08/30 11:01:48 [DEBUG] found "https://api.github.com/repos/dcos-terraform/terraform-aws-lb-masters/tarball/0.2.0?archive=tar.gz" in ".terraform/modules/5c86aa6c9b1df0c1bf170745db09ef62": true
2019/08/30 11:01:48 [TRACE] "https://api.github.com/repos/dcos-terraform/terraform-aws-lb-masters/tarball/0.2.0?archive=tar.gz" stored in ".terraform/modules/5c86aa6c9b1df0c1bf170745db09ef62"
2019/08/30 11:01:48 [INFO] no matching version for "dcos-terraform/lb-masters-internal/aws"<~> 0.2.0>, no versions found
2019/08/30 11:01:48 [DEBUG] matched "dcos-terraform/lb-masters-internal/aws" version  for ~> 0.2.0
2019/08/30 11:01:48 [DEBUG] fetching module versions from "https://registry.terraform.io/v1/modules/dcos-terraform/lb-masters-internal/aws/versions"
2019/08/30 11:01:48 [DEBUG] found available version "0.2.0" for dcos-terraform/lb-masters-internal/aws
2019/08/30 11:01:48 [DEBUG] found available version "0.0.1" for dcos-terraform/lb-masters-internal/aws
2019/08/30 11:01:48 [DEBUG] looking up module location from "https://registry.terraform.io/v1/modules/dcos-terraform/lb-masters-internal/aws/0.2.0/download"
2019/08/30 11:01:48 [DEBUG] found "https://api.github.com/repos/dcos-terraform/terraform-aws-lb-masters-internal/tarball/0.2.0?archive=tar.gz" in ".terraform/modules/e456b5cfa66254295334423886396e82": true
2019/08/30 11:01:48 [TRACE] "https://api.github.com/repos/dcos-terraform/terraform-aws-lb-masters-internal/tarball/0.2.0?archive=tar.gz" stored in ".terraform/modules/e456b5cfa66254295334423886396e82"
2019/08/30 11:01:48 [DEBUG] found available version "0.2.0" for dcos-terraform/lb-public-agents/aws
2019/08/30 11:01:48 [DEBUG] found available version "0.0.1" for dcos-terraform/lb-public-agents/aws
2019/08/30 11:01:48 [DEBUG] looking up module location from "https://registry.terraform.io/v1/modules/dcos-terraform/lb-public-agents/aws/0.2.0/download"
2019/08/30 11:01:49 [DEBUG] found "https://api.github.com/repos/dcos-terraform/terraform-aws-lb-public-agents/tarball/0.2.0?archive=tar.gz" in ".terraform/modules/731a596dd718a4a009960031bedee834": true
2019/08/30 11:01:49 [TRACE] "https://api.github.com/repos/dcos-terraform/terraform-aws-lb-public-agents/tarball/0.2.0?archive=tar.gz" stored in ".terraform/modules/731a596dd718a4a009960031bedee834"
2019/08/30 11:01:49 [INFO] no matching version for "dcos-terraform/lb/aws"<~> 0.2.0>, no versions found
2019/08/30 11:01:49 [DEBUG] matched "dcos-terraform/lb/aws" version  for ~> 0.2.0
2019/08/30 11:01:49 [DEBUG] fetching module versions from "https://registry.terraform.io/v1/modules/dcos-terraform/lb/aws/versions"
2019/08/30 11:01:49 [DEBUG] found available version "0.2.3" for dcos-terraform/lb/aws
2019/08/30 11:01:49 [DEBUG] found available version "0.2.2" for dcos-terraform/lb/aws
2019/08/30 11:01:49 [DEBUG] found available version "0.2.1" for dcos-terraform/lb/aws
2019/08/30 11:01:49 [DEBUG] found available version "0.2.0" for dcos-terraform/lb/aws
2019/08/30 11:01:49 [DEBUG] found available version "0.0.1" for dcos-terraform/lb/aws
2019/08/30 11:01:49 [DEBUG] looking up module location from "https://registry.terraform.io/v1/modules/dcos-terraform/lb/aws/0.2.3/download"
2019/08/30 11:01:49 [DEBUG] found "https://api.github.com/repos/dcos-terraform/terraform-aws-lb/tarball/0.2.3?archive=tar.gz" in ".terraform/modules/28ef25ad2f65485d75d33756a01f5294": true
2019/08/30 11:01:49 [TRACE] "https://api.github.com/repos/dcos-terraform/terraform-aws-lb/tarball/0.2.3?archive=tar.gz" stored in ".terraform/modules/28ef25ad2f65485d75d33756a01f5294"
2019/08/30 11:01:49 [DEBUG] found local version "0.2.3" for module dcos-terraform/lb/aws
2019/08/30 11:01:49 [DEBUG] matched "dcos-terraform/lb/aws" version 0.2.3 for 
2019/08/30 11:01:49 [DEBUG] fetching module versions from "https://registry.terraform.io/v1/modules/dcos-terraform/lb/aws/versions"
2019/08/30 11:01:49 [DEBUG] found available version "0.2.3" for dcos-terraform/lb/aws
2019/08/30 11:01:49 [DEBUG] found available version "0.2.2" for dcos-terraform/lb/aws
2019/08/30 11:01:49 [DEBUG] found available version "0.2.1" for dcos-terraform/lb/aws
2019/08/30 11:01:49 [DEBUG] found available version "0.2.0" for dcos-terraform/lb/aws
2019/08/30 11:01:49 [DEBUG] found available version "0.0.1" for dcos-terraform/lb/aws
2019/08/30 11:01:49 [DEBUG] looking up module location from "https://registry.terraform.io/v1/modules/dcos-terraform/lb/aws/0.2.3/download"
2019/08/30 11:01:49 [DEBUG] found "https://api.github.com/repos/dcos-terraform/terraform-aws-lb/tarball/0.2.3?archive=tar.gz" in ".terraform/modules/e0fab2fd98cd1c538bc156a5a9f4011e": true
2019/08/30 11:01:49 [TRACE] "https://api.github.com/repos/dcos-terraform/terraform-aws-lb/tarball/0.2.3?archive=tar.gz" stored in ".terraform/modules/e0fab2fd98cd1c538bc156a5a9f4011e"
2019/08/30 11:01:49 [DEBUG] found local version "0.2.3" for module dcos-terraform/lb/aws
2019/08/30 11:01:49 [DEBUG] found local version "0.2.3" for module dcos-terraform/lb/aws
2019/08/30 11:01:49 [DEBUG] matched "dcos-terraform/lb/aws" version 0.2.3 for ~> 0.2.0
2019/08/30 11:01:49 [DEBUG] fetching module versions from "https://registry.terraform.io/v1/modules/dcos-terraform/lb/aws/versions"
2019/08/30 11:01:49 [DEBUG] found available version "0.2.3" for dcos-terraform/lb/aws
2019/08/30 11:01:49 [DEBUG] found available version "0.2.2" for dcos-terraform/lb/aws
2019/08/30 11:01:49 [DEBUG] found available version "0.2.1" for dcos-terraform/lb/aws
2019/08/30 11:01:49 [DEBUG] found available version "0.2.0" for dcos-terraform/lb/aws
2019/08/30 11:01:49 [DEBUG] found available version "0.0.1" for dcos-terraform/lb/aws
2019/08/30 11:01:49 [DEBUG] looking up module location from "https://registry.terraform.io/v1/modules/dcos-terraform/lb/aws/0.2.3/download"
2019/08/30 11:01:49 [DEBUG] found "https://api.github.com/repos/dcos-terraform/terraform-aws-lb/tarball/0.2.3?archive=tar.gz" in ".terraform/modules/e7953eb64d71f6c2616b5721ea25d3a7": true
2019/08/30 11:01:49 [TRACE] "https://api.github.com/repos/dcos-terraform/terraform-aws-lb/tarball/0.2.3?archive=tar.gz" stored in ".terraform/modules/e7953eb64d71f6c2616b5721ea25d3a7"
2019/08/30 11:01:49 [DEBUG] found local version "0.2.3" for module dcos-terraform/instance/aws
2019/08/30 11:01:49 [DEBUG] found local version "0.2.3" for module dcos-terraform/instance/aws
2019/08/30 11:01:49 [DEBUG] found local version "0.2.3" for module dcos-terraform/instance/aws
2019/08/30 11:01:49 [DEBUG] matched "dcos-terraform/instance/aws" version 0.2.3 for ~> 0.2.0
2019/08/30 11:01:49 [DEBUG] fetching module versions from "https://registry.terraform.io/v1/modules/dcos-terraform/instance/aws/versions"
2019/08/30 11:01:49 [DEBUG] found available version "0.2.3" for dcos-terraform/instance/aws
2019/08/30 11:01:49 [DEBUG] found available version "0.1.3" for dcos-terraform/instance/aws
2019/08/30 11:01:49 [DEBUG] found available version "0.2.2" for dcos-terraform/instance/aws
2019/08/30 11:01:49 [DEBUG] found available version "0.2.1" for dcos-terraform/instance/aws
2019/08/30 11:01:49 [DEBUG] found available version "0.2.0" for dcos-terraform/instance/aws
2019/08/30 11:01:49 [DEBUG] found available version "0.1.2" for dcos-terraform/instance/aws
2019/08/30 11:01:49 [DEBUG] found available version "0.1.1" for dcos-terraform/instance/aws
2019/08/30 11:01:49 [DEBUG] found available version "0.1.0" for dcos-terraform/instance/aws
2019/08/30 11:01:49 [DEBUG] found available version "0.0.7" for dcos-terraform/instance/aws
2019/08/30 11:01:49 [DEBUG] found available version "0.0.6" for dcos-terraform/instance/aws
2019/08/30 11:01:49 [DEBUG] found available version "0.0.5" for dcos-terraform/instance/aws
2019/08/30 11:01:49 [DEBUG] found available version "0.0.4" for dcos-terraform/instance/aws
2019/08/30 11:01:49 [DEBUG] found available version "0.0.3" for dcos-terraform/instance/aws
2019/08/30 11:01:49 [DEBUG] found available version "0.0.1" for dcos-terraform/instance/aws
2019/08/30 11:01:49 [DEBUG] found available version "0.0.2" for dcos-terraform/instance/aws
2019/08/30 11:01:49 [DEBUG] looking up module location from "https://registry.terraform.io/v1/modules/dcos-terraform/instance/aws/0.2.3/download"
2019/08/30 11:01:49 [DEBUG] found "https://api.github.com/repos/dcos-terraform/terraform-aws-instance/tarball/0.2.3?archive=tar.gz" in ".terraform/modules/8258d695af816eff4d94410d3d8b0c3b": true
2019/08/30 11:01:49 [TRACE] "https://api.github.com/repos/dcos-terraform/terraform-aws-instance/tarball/0.2.3?archive=tar.gz" stored in ".terraform/modules/8258d695af816eff4d94410d3d8b0c3b"
2019/08/30 11:01:49 [DEBUG] found local version "0.2.1" for module dcos-terraform/tested-oses/aws
2019/08/30 11:01:49 [DEBUG] found local version "0.2.1" for module dcos-terraform/tested-oses/aws
2019/08/30 11:01:49 [DEBUG] found local version "0.2.1" for module dcos-terraform/tested-oses/aws
2019/08/30 11:01:49 [DEBUG] matched "dcos-terraform/tested-oses/aws" version 0.2.1 for ~> 0.2.0
2019/08/30 11:01:49 [DEBUG] fetching module versions from "https://registry.terraform.io/v1/modules/dcos-terraform/tested-oses/aws/versions"
2019/08/30 11:01:49 [DEBUG] found available version "0.1.3" for dcos-terraform/tested-oses/aws
2019/08/30 11:01:49 [DEBUG] found available version "0.2.1" for dcos-terraform/tested-oses/aws
2019/08/30 11:01:49 [DEBUG] found available version "0.2.0" for dcos-terraform/tested-oses/aws
2019/08/30 11:01:49 [DEBUG] found available version "0.1.2" for dcos-terraform/tested-oses/aws
2019/08/30 11:01:49 [DEBUG] found available version "0.1.1" for dcos-terraform/tested-oses/aws
2019/08/30 11:01:49 [DEBUG] found available version "0.1.0" for dcos-terraform/tested-oses/aws
2019/08/30 11:01:49 [DEBUG] found available version "0.0.7" for dcos-terraform/tested-oses/aws
2019/08/30 11:01:49 [DEBUG] found available version "0.0.6" for dcos-terraform/tested-oses/aws
2019/08/30 11:01:49 [DEBUG] found available version "0.0.5" for dcos-terraform/tested-oses/aws
2019/08/30 11:01:49 [DEBUG] found available version "0.0.4" for dcos-terraform/tested-oses/aws
2019/08/30 11:01:49 [DEBUG] found available version "0.0.3" for dcos-terraform/tested-oses/aws
2019/08/30 11:01:49 [DEBUG] found available version "0.0.2" for dcos-terraform/tested-oses/aws
2019/08/30 11:01:49 [DEBUG] found available version "0.0.1" for dcos-terraform/tested-oses/aws
2019/08/30 11:01:49 [DEBUG] looking up module location from "https://registry.terraform.io/v1/modules/dcos-terraform/tested-oses/aws/0.2.1/download"
2019/08/30 11:01:49 [DEBUG] found "https://api.github.com/repos/dcos-terraform/terraform-aws-tested-oses/tarball/0.2.1?archive=tar.gz" in ".terraform/modules/500d6704876ebdb3ed6ddf32e7bd79e8": true
2019/08/30 11:01:49 [TRACE] "https://api.github.com/repos/dcos-terraform/terraform-aws-tested-oses/tarball/0.2.1?archive=tar.gz" stored in ".terraform/modules/500d6704876ebdb3ed6ddf32e7bd79e8"
2019/08/30 11:01:50 [DEBUG] found available version "0.0.4" for dcos-terraform/dcos-core/template
2019/08/30 11:01:50 [DEBUG] found available version "0.0.10" for dcos-terraform/dcos-core/template
2019/08/30 11:01:50 [DEBUG] found available version "0.0.6" for dcos-terraform/dcos-core/template
2019/08/30 11:01:50 [DEBUG] found available version "0.1.9" for dcos-terraform/dcos-core/template
2019/08/30 11:01:50 [DEBUG] found available version "0.1.2" for dcos-terraform/dcos-core/template
2019/08/30 11:01:50 [DEBUG] found available version "0.0.11" for dcos-terraform/dcos-core/template
2019/08/30 11:01:50 [DEBUG] found available version "0.0.5" for dcos-terraform/dcos-core/template
2019/08/30 11:01:50 [DEBUG] found available version "0.0.12" for dcos-terraform/dcos-core/template
2019/08/30 11:01:50 [DEBUG] found available version "0.1.1" for dcos-terraform/dcos-core/template
2019/08/30 11:01:50 [DEBUG] found available version "0.1.7" for dcos-terraform/dcos-core/template
2019/08/30 11:01:50 [DEBUG] found available version "0.1.0" for dcos-terraform/dcos-core/template
2019/08/30 11:01:50 [DEBUG] found available version "0.0.2" for dcos-terraform/dcos-core/template
2019/08/30 11:01:50 [DEBUG] found available version "0.0.13" for dcos-terraform/dcos-core/template
2019/08/30 11:01:50 [DEBUG] found available version "0.0.1" for dcos-terraform/dcos-core/template
2019/08/30 11:01:50 [DEBUG] found available version "0.1.3" for dcos-terraform/dcos-core/template
2019/08/30 11:01:50 [DEBUG] found available version "0.0.8" for dcos-terraform/dcos-core/template
2019/08/30 11:01:50 [DEBUG] found available version "0.0.7" for dcos-terraform/dcos-core/template
2019/08/30 11:01:50 [DEBUG] found available version "0.1.14" for dcos-terraform/dcos-core/template
2019/08/30 11:01:50 [DEBUG] found available version "0.2.6" for dcos-terraform/dcos-core/template
2019/08/30 11:01:50 [DEBUG] found available version "0.2.2" for dcos-terraform/dcos-core/template
2019/08/30 11:01:50 [DEBUG] found available version "0.2.1" for dcos-terraform/dcos-core/template
2019/08/30 11:01:50 [DEBUG] found available version "0.2.0" for dcos-terraform/dcos-core/template
2019/08/30 11:01:50 [DEBUG] found available version "0.1.10" for dcos-terraform/dcos-core/template
2019/08/30 11:01:50 [DEBUG] found available version "0.1.13" for dcos-terraform/dcos-core/template
2019/08/30 11:01:50 [DEBUG] found available version "0.1.12" for dcos-terraform/dcos-core/template
2019/08/30 11:01:50 [DEBUG] found available version "0.1.11" for dcos-terraform/dcos-core/template
2019/08/30 11:01:50 [DEBUG] found available version "0.1.17" for dcos-terraform/dcos-core/template
2019/08/30 11:01:50 [DEBUG] found available version "0.1.6" for dcos-terraform/dcos-core/template
2019/08/30 11:01:50 [DEBUG] found available version "0.0.9" for dcos-terraform/dcos-core/template
2019/08/30 11:01:50 [DEBUG] found available version "0.0.14" for dcos-terraform/dcos-core/template
2019/08/30 11:01:50 [DEBUG] found available version "0.2.3" for dcos-terraform/dcos-core/template
2019/08/30 11:01:50 [DEBUG] found available version "0.1.8" for dcos-terraform/dcos-core/template
2019/08/30 11:01:50 [DEBUG] found available version "0.2.4" for dcos-terraform/dcos-core/template
2019/08/30 11:01:50 [DEBUG] found available version "0.2.5" for dcos-terraform/dcos-core/template
2019/08/30 11:01:50 [DEBUG] found available version "0.1.15" for dcos-terraform/dcos-core/template
2019/08/30 11:01:50 [DEBUG] found available version "0.2.8" for dcos-terraform/dcos-core/template
2019/08/30 11:01:50 [DEBUG] found available version "0.1.18" for dcos-terraform/dcos-core/template
2019/08/30 11:01:50 [DEBUG] found available version "0.1.16" for dcos-terraform/dcos-core/template
2019/08/30 11:01:50 [DEBUG] found available version "0.2.7" for dcos-terraform/dcos-core/template
2019/08/30 11:01:50 [DEBUG] found available version "0.1.4" for dcos-terraform/dcos-core/template
2019/08/30 11:01:50 [DEBUG] found available version "0.0.15" for dcos-terraform/dcos-core/template
2019/08/30 11:01:50 [DEBUG] found available version "0.0.16" for dcos-terraform/dcos-core/template
2019/08/30 11:01:50 [DEBUG] found available version "0.1.5" for dcos-terraform/dcos-core/template
2019/08/30 11:01:50 [DEBUG] looking up module location from "https://registry.terraform.io/v1/modules/dcos-terraform/dcos-core/template/0.2.8/download"
2019/08/30 11:01:50 [DEBUG] found "https://api.github.com/repos/dcos-terraform/terraform-template-dcos-core/tarball/0.2.8?archive=tar.gz" in ".terraform/modules/29af888f2214c1e9b877623b4c1ac2e1": true
2019/08/30 11:01:50 [TRACE] "https://api.github.com/repos/dcos-terraform/terraform-template-dcos-core/tarball/0.2.8?archive=tar.gz" stored in ".terraform/modules/29af888f2214c1e9b877623b4c1ac2e1"
2019/08/30 11:01:50 [INFO] no matching version for "dcos-terraform/dcos-install-remote-exec-ansible/null"<~> 0.2.3>, no versions found
2019/08/30 11:01:50 [DEBUG] matched "dcos-terraform/dcos-install-remote-exec-ansible/null" version  for ~> 0.2.3
2019/08/30 11:01:50 [DEBUG] fetching module versions from "https://registry.terraform.io/v1/modules/dcos-terraform/dcos-install-remote-exec-ansible/null/versions"
2019/08/30 11:01:50 [DEBUG] found available version "0.2.4" for dcos-terraform/dcos-install-remote-exec-ansible/null
2019/08/30 11:01:50 [DEBUG] found available version "0.2.3" for dcos-terraform/dcos-install-remote-exec-ansible/null
2019/08/30 11:01:50 [DEBUG] found available version "0.2.2" for dcos-terraform/dcos-install-remote-exec-ansible/null
2019/08/30 11:01:50 [DEBUG] found available version "0.2.1" for dcos-terraform/dcos-install-remote-exec-ansible/null
2019/08/30 11:01:50 [DEBUG] found available version "0.2.0" for dcos-terraform/dcos-install-remote-exec-ansible/null
2019/08/30 11:01:50 [DEBUG] found available version "0.0.1" for dcos-terraform/dcos-install-remote-exec-ansible/null
2019/08/30 11:01:50 [DEBUG] looking up module location from "https://registry.terraform.io/v1/modules/dcos-terraform/dcos-install-remote-exec-ansible/null/0.2.4/download"
2019/08/30 11:01:50 [DEBUG] fetching "https://api.github.com/repos/dcos-terraform/terraform-null-dcos-install-remote-exec-ansible/tarball/0.2.4?archive=tar.gz" with key "1.dcos-install#0.2.2;dcos-terraform/dcos-install-remote-exec/null|dcos-install;dcos-terraform/dcos-install-remote-exec-ansible/null.0.2.4"
2019/08/30 11:01:50 [DEBUG] found "https://api.github.com/repos/dcos-terraform/terraform-null-dcos-install-remote-exec-ansible/tarball/0.2.4?archive=tar.gz" in ".terraform/modules/5dadb5db28cb38fcaa3f761ab6c0b28f": true
2019/08/30 11:01:50 [TRACE] "https://api.github.com/repos/dcos-terraform/terraform-null-dcos-install-remote-exec-ansible/tarball/0.2.4?archive=tar.gz" stored in ".terraform/modules/5dadb5db28cb38fcaa3f761ab6c0b28f"
2019/08/30 11:01:50 [INFO] command: empty backend config, returning nil
2019/08/30 11:01:50 [DEBUG] command: no data state file found for backend config
2019/08/30 11:01:50 [DEBUG] New state was assigned lineage "5f951a02-a947-9e76-b265-04203bc26414"
2019/08/30 11:01:50 [INFO] command: backend initialized: <nil>
2019/08/30 11:01:50 [DEBUG] checking for provider in "."
2019/08/30 11:01:50 [DEBUG] checking for provider in "/bin"
2019/08/30 11:01:50 [DEBUG] checking for provisioner in "."
2019/08/30 11:01:50 [DEBUG] checking for provisioner in "/bin"
2019/08/30 11:01:50 [INFO] Failed to read plugin lock file .terraform/plugins/linux_amd64/lock.json: open .terraform/plugins/linux_amd64/lock.json: no such file or directory
2019/08/30 11:01:50 [INFO] command: backend <nil> is not enhanced, wrapping in local
2019/08/30 11:01:50 [DEBUG] found local version "0.2.4" for module dcos-terraform/infrastructure/aws
2019/08/30 11:01:50 [DEBUG] matched "dcos-terraform/infrastructure/aws" version 0.2.4 for ~> 0.2.4
2019/08/30 11:01:50 [DEBUG] found local version "0.2.2" for module dcos-terraform/dcos-install-remote-exec/null
2019/08/30 11:01:50 [DEBUG] matched "dcos-terraform/dcos-install-remote-exec/null" version 0.2.2 for ~> 0.2.1
2019/08/30 11:01:50 [DEBUG] found local version "0.2.0" for module dcos-terraform/vpc/aws
2019/08/30 11:01:50 [DEBUG] matched "dcos-terraform/vpc/aws" version 0.2.0 for ~> 0.2.0
2019/08/30 11:01:50 [DEBUG] found local version "0.2.1" for module dcos-terraform/security-groups/aws
2019/08/30 11:01:50 [DEBUG] matched "dcos-terraform/security-groups/aws" version 0.2.1 for ~> 0.2.0
2019/08/30 11:01:50 [DEBUG] found local version "0.2.1" for module dcos-terraform/iam/aws
2019/08/30 11:01:50 [DEBUG] matched "dcos-terraform/iam/aws" version 0.2.1 for ~> 0.2.0
2019/08/30 11:01:50 [DEBUG] found local version "0.2.2" for module dcos-terraform/bootstrap/aws
2019/08/30 11:01:50 [DEBUG] matched "dcos-terraform/bootstrap/aws" version 0.2.2 for ~> 0.2.0
2019/08/30 11:01:50 [DEBUG] found local version "0.2.1" for module dcos-terraform/masters/aws
2019/08/30 11:01:50 [DEBUG] matched "dcos-terraform/masters/aws" version 0.2.1 for ~> 0.2.0
2019/08/30 11:01:50 [DEBUG] found local version "0.2.1" for module dcos-terraform/private-agents/aws
2019/08/30 11:01:50 [DEBUG] matched "dcos-terraform/private-agents/aws" version 0.2.1 for ~> 0.2.0
2019/08/30 11:01:50 [DEBUG] found local version "0.2.2" for module dcos-terraform/public-agents/aws
2019/08/30 11:01:50 [DEBUG] matched "dcos-terraform/public-agents/aws" version 0.2.2 for ~> 0.2.2
2019/08/30 11:01:50 [DEBUG] found local version "0.2.0" for module dcos-terraform/lb-dcos/aws
2019/08/30 11:01:50 [DEBUG] matched "dcos-terraform/lb-dcos/aws" version 0.2.0 for ~> 0.2.0
2019/08/30 11:01:50 [DEBUG] found local version "0.2.3" for module dcos-terraform/instance/aws
2019/08/30 11:01:50 [DEBUG] found local version "0.2.3" for module dcos-terraform/instance/aws
2019/08/30 11:01:50 [DEBUG] found local version "0.2.3" for module dcos-terraform/instance/aws
2019/08/30 11:01:50 [DEBUG] found local version "0.2.3" for module dcos-terraform/instance/aws
2019/08/30 11:01:50 [DEBUG] matched "dcos-terraform/instance/aws" version 0.2.3 for ~> 0.2.0
2019/08/30 11:01:50 [DEBUG] found local version "0.2.1" for module dcos-terraform/tested-oses/aws
2019/08/30 11:01:50 [DEBUG] found local version "0.2.1" for module dcos-terraform/tested-oses/aws
2019/08/30 11:01:50 [DEBUG] found local version "0.2.1" for module dcos-terraform/tested-oses/aws
2019/08/30 11:01:50 [DEBUG] found local version "0.2.1" for module dcos-terraform/tested-oses/aws
2019/08/30 11:01:50 [DEBUG] matched "dcos-terraform/tested-oses/aws" version 0.2.1 for ~> 0.2.0
2019/08/30 11:01:50 [DEBUG] found local version "0.2.3" for module dcos-terraform/instance/aws
2019/08/30 11:01:50 [DEBUG] found local version "0.2.3" for module dcos-terraform/instance/aws
2019/08/30 11:01:50 [DEBUG] found local version "0.2.3" for module dcos-terraform/instance/aws
2019/08/30 11:01:50 [DEBUG] found local version "0.2.3" for module dcos-terraform/instance/aws
2019/08/30 11:01:50 [DEBUG] matched "dcos-terraform/instance/aws" version 0.2.3 for ~> 0.2.0
2019/08/30 11:01:50 [DEBUG] found local version "0.2.1" for module dcos-terraform/tested-oses/aws
2019/08/30 11:01:50 [DEBUG] found local version "0.2.1" for module dcos-terraform/tested-oses/aws
2019/08/30 11:01:50 [DEBUG] found local version "0.2.1" for module dcos-terraform/tested-oses/aws
2019/08/30 11:01:50 [DEBUG] found local version "0.2.1" for module dcos-terraform/tested-oses/aws
2019/08/30 11:01:50 [DEBUG] matched "dcos-terraform/tested-oses/aws" version 0.2.1 for ~> 0.2.0
2019/08/30 11:01:50 [DEBUG] found local version "0.2.3" for module dcos-terraform/instance/aws
2019/08/30 11:01:50 [DEBUG] found local version "0.2.3" for module dcos-terraform/instance/aws
2019/08/30 11:01:50 [DEBUG] found local version "0.2.3" for module dcos-terraform/instance/aws
2019/08/30 11:01:50 [DEBUG] found local version "0.2.3" for module dcos-terraform/instance/aws
2019/08/30 11:01:50 [DEBUG] matched "dcos-terraform/instance/aws" version 0.2.3 for ~> 0.2.0
2019/08/30 11:01:50 [DEBUG] found local version "0.2.1" for module dcos-terraform/tested-oses/aws
2019/08/30 11:01:50 [DEBUG] found local version "0.2.1" for module dcos-terraform/tested-oses/aws
2019/08/30 11:01:50 [DEBUG] found local version "0.2.1" for module dcos-terraform/tested-oses/aws
2019/08/30 11:01:50 [DEBUG] found local version "0.2.1" for module dcos-terraform/tested-oses/aws
2019/08/30 11:01:50 [DEBUG] matched "dcos-terraform/tested-oses/aws" version 0.2.1 for ~> 0.2.0
2019/08/30 11:01:50 [DEBUG] found local version "0.2.3" for module dcos-terraform/instance/aws
2019/08/30 11:01:50 [DEBUG] found local version "0.2.3" for module dcos-terraform/instance/aws
2019/08/30 11:01:50 [DEBUG] found local version "0.2.3" for module dcos-terraform/instance/aws
2019/08/30 11:01:50 [DEBUG] found local version "0.2.3" for module dcos-terraform/instance/aws
2019/08/30 11:01:50 [DEBUG] matched "dcos-terraform/instance/aws" version 0.2.3 for ~> 0.2.0
2019/08/30 11:01:50 [DEBUG] found local version "0.2.1" for module dcos-terraform/tested-oses/aws
2019/08/30 11:01:50 [DEBUG] found local version "0.2.1" for module dcos-terraform/tested-oses/aws
2019/08/30 11:01:50 [DEBUG] found local version "0.2.1" for module dcos-terraform/tested-oses/aws
2019/08/30 11:01:50 [DEBUG] found local version "0.2.1" for module dcos-terraform/tested-oses/aws
2019/08/30 11:01:50 [DEBUG] matched "dcos-terraform/tested-oses/aws" version 0.2.1 for ~> 0.2.0
2019/08/30 11:01:50 [DEBUG] found local version "0.2.0" for module dcos-terraform/lb-masters/aws
2019/08/30 11:01:50 [DEBUG] matched "dcos-terraform/lb-masters/aws" version 0.2.0 for ~> 0.2.0
2019/08/30 11:01:50 [DEBUG] found local version "0.2.0" for module dcos-terraform/lb-masters-internal/aws
2019/08/30 11:01:50 [DEBUG] matched "dcos-terraform/lb-masters-internal/aws" version 0.2.0 for ~> 0.2.0
2019/08/30 11:01:50 [DEBUG] found local version "0.2.3" for module dcos-terraform/lb/aws
2019/08/30 11:01:50 [DEBUG] found local version "0.2.3" for module dcos-terraform/lb/aws
2019/08/30 11:01:50 [DEBUG] found local version "0.2.3" for module dcos-terraform/lb/aws
2019/08/30 11:01:50 [DEBUG] matched "dcos-terraform/lb/aws" version 0.2.3 for ~> 0.2.0
2019/08/30 11:01:50 [DEBUG] found local version "0.2.3" for module dcos-terraform/lb/aws
2019/08/30 11:01:50 [DEBUG] found local version "0.2.3" for module dcos-terraform/lb/aws
2019/08/30 11:01:50 [DEBUG] found local version "0.2.3" for module dcos-terraform/lb/aws
2019/08/30 11:01:50 [DEBUG] matched "dcos-terraform/lb/aws" version 0.2.3 for ~> 0.2.0
2019/08/30 11:01:50 [DEBUG] found local version "0.2.8" for module dcos-terraform/dcos-core/template
2019/08/30 11:01:50 [DEBUG] matched "dcos-terraform/dcos-core/template" version 0.2.8 for ~> 0.2.0
2019/08/30 11:01:50 [DEBUG] found local version "0.2.4" for module dcos-terraform/dcos-install-remote-exec-ansible/null
2019/08/30 11:01:50 [DEBUG] matched "dcos-terraform/dcos-install-remote-exec-ansible/null" version 0.2.4 for ~> 0.2.3
2019/08/30 11:01:50 [DEBUG] checking for provider in "."
2019/08/30 11:01:50 [DEBUG] checking for provider in "/bin"
2019/08/30 11:01:50 [DEBUG] plugin requirements: "random"=""
2019/08/30 11:01:50 [DEBUG] plugin requirements: "template"=""
2019/08/30 11:01:50 [DEBUG] plugin requirements: "tls"=""
2019/08/30 11:01:50 [DEBUG] plugin requirements: "aws"=""
2019/08/30 11:01:50 [DEBUG] plugin requirements: "null"=""
2019/08/30 11:01:50 [DEBUG] fetching provider info for tls version 2.1.0
2019/08/30 11:01:51 [DEBUG] getting provider "tls" version "2.1.0"
2019/08/30 11:01:51 [DEBUG] plugin cache is disabled, so downloading tls 2.1.0 from https://releases.hashicorp.com/terraform-provider-tls/2.1.0/terraform-provider-tls_2.1.0_linux_amd64.zip?checksum=sha256:a20f94cf80e9d1250214a3489344451721e42792950baee562260bb878a21c7d
2019/08/30 11:01:51 [DEBUG] looking for the tls 2.1.0 plugin we just installed
2019/08/30 11:01:51 [DEBUG] checking for provider in ".terraform/plugins/linux_amd64"
2019/08/30 11:01:51 [DEBUG] found provider "terraform-provider-tls_v2.1.0_x4"
2019/08/30 11:01:51 [DEBUG] all plugins found discovery.PluginMetaSet{discovery.PluginMeta{Name:"tls", Version:"2.1.0", Path:"/jenkins/workspace/terraform-aws-dcos_support_0.2.x/.terraform/plugins/linux_amd64/terraform-provider-tls_v2.1.0_x4"}:struct {}{}}
2019/08/30 11:01:51 [DEBUG] filtered plugins discovery.PluginMetaSet{discovery.PluginMeta{Name:"tls", Version:"2.1.0", Path:"/jenkins/workspace/terraform-aws-dcos_support_0.2.x/.terraform/plugins/linux_amd64/terraform-provider-tls_v2.1.0_x4"}:struct {}{}}
2019/08/30 11:01:51 [DEBUG] fetching provider info for aws version 2.26.0
2019/08/30 11:01:51 [DEBUG] getting provider "aws" version "2.26.0"
2019/08/30 11:01:51 [DEBUG] plugin cache is disabled, so downloading aws 2.26.0 from https://releases.hashicorp.com/terraform-provider-aws/2.26.0/terraform-provider-aws_2.26.0_linux_amd64.zip?checksum=sha256:1ead0e3f5cc830e8958e410dd60a3909574f30647651c5b0b2103b2c7416e144
2019/08/30 11:01:54 [DEBUG] looking for the aws 2.26.0 plugin we just installed
2019/08/30 11:01:54 [DEBUG] checking for provider in ".terraform/plugins/linux_amd64"
2019/08/30 11:01:54 [DEBUG] found provider "terraform-provider-aws_v2.26.0_x4"
2019/08/30 11:01:54 [DEBUG] found provider "terraform-provider-tls_v2.1.0_x4"
2019/08/30 11:01:54 [DEBUG] all plugins found discovery.PluginMetaSet{discovery.PluginMeta{Name:"aws", Version:"2.26.0", Path:"/jenkins/workspace/terraform-aws-dcos_support_0.2.x/.terraform/plugins/linux_amd64/terraform-provider-aws_v2.26.0_x4"}:struct {}{}, discovery.PluginMeta{Name:"tls", Version:"2.1.0", Path:"/jenkins/workspace/terraform-aws-dcos_support_0.2.x/.terraform/plugins/linux_amd64/terraform-provider-tls_v2.1.0_x4"}:struct {}{}}
2019/08/30 11:01:54 [DEBUG] filtered plugins discovery.PluginMetaSet{discovery.PluginMeta{Name:"aws", Version:"2.26.0", Path:"/jenkins/workspace/terraform-aws-dcos_support_0.2.x/.terraform/plugins/linux_amd64/terraform-provider-aws_v2.26.0_x4"}:struct {}{}}
2019/08/30 11:01:54 [DEBUG] fetching provider info for null version 2.1.2
2019/08/30 11:01:54 [DEBUG] getting provider "null" version "2.1.2"
2019/08/30 11:01:54 [DEBUG] plugin cache is disabled, so downloading null 2.1.2 from https://releases.hashicorp.com/terraform-provider-null/2.1.2/terraform-provider-null_2.1.2_linux_amd64.zip?checksum=sha256:16fc2d9b10cf9e5123bf956e7032c338cc93a03be1ca2e9f3d3b7014c0e866c7
2019/08/30 11:01:54 [DEBUG] looking for the null 2.1.2 plugin we just installed
2019/08/30 11:01:54 [DEBUG] checking for provider in ".terraform/plugins/linux_amd64"
2019/08/30 11:01:54 [DEBUG] found provider "terraform-provider-aws_v2.26.0_x4"
2019/08/30 11:01:54 [DEBUG] found provider "terraform-provider-null_v2.1.2_x4"
2019/08/30 11:01:54 [DEBUG] found provider "terraform-provider-tls_v2.1.0_x4"
2019/08/30 11:01:54 [DEBUG] all plugins found discovery.PluginMetaSet{discovery.PluginMeta{Name:"aws", Version:"2.26.0", Path:"/jenkins/workspace/terraform-aws-dcos_support_0.2.x/.terraform/plugins/linux_amd64/terraform-provider-aws_v2.26.0_x4"}:struct {}{}, discovery.PluginMeta{Name:"null", Version:"2.1.2", Path:"/jenkins/workspace/terraform-aws-dcos_support_0.2.x/.terraform/plugins/linux_amd64/terraform-provider-null_v2.1.2_x4"}:struct {}{}, discovery.PluginMeta{Name:"tls", Version:"2.1.0", Path:"/jenkins/workspace/terraform-aws-dcos_support_0.2.x/.terraform/plugins/linux_amd64/terraform-provider-tls_v2.1.0_x4"}:struct {}{}}
2019/08/30 11:01:54 [DEBUG] filtered plugins discovery.PluginMetaSet{discovery.PluginMeta{Name:"null", Version:"2.1.2", Path:"/jenkins/workspace/terraform-aws-dcos_support_0.2.x/.terraform/plugins/linux_amd64/terraform-provider-null_v2.1.2_x4"}:struct {}{}}
2019/08/30 11:01:54 [DEBUG] fetching provider info for random version 2.2.0
2019/08/30 11:01:54 [DEBUG] getting provider "random" version "2.2.0"
2019/08/30 11:01:54 [DEBUG] plugin cache is disabled, so downloading random 2.2.0 from https://releases.hashicorp.com/terraform-provider-random/2.2.0/terraform-provider-random_2.2.0_linux_amd64.zip?checksum=sha256:9f19c6070eebc089563d12f3b3e93f720669e60830c4e45eeb37d342a6ed78ad
2019/08/30 11:01:55 [DEBUG] looking for the random 2.2.0 plugin we just installed
2019/08/30 11:01:55 [DEBUG] checking for provider in ".terraform/plugins/linux_amd64"
2019/08/30 11:01:55 [DEBUG] found provider "terraform-provider-aws_v2.26.0_x4"
2019/08/30 11:01:55 [DEBUG] found provider "terraform-provider-null_v2.1.2_x4"
2019/08/30 11:01:55 [DEBUG] found provider "terraform-provider-random_v2.2.0_x4"
2019/08/30 11:01:55 [DEBUG] found provider "terraform-provider-tls_v2.1.0_x4"
2019/08/30 11:01:55 [DEBUG] all plugins found discovery.PluginMetaSet{discovery.PluginMeta{Name:"aws", Version:"2.26.0", Path:"/jenkins/workspace/terraform-aws-dcos_support_0.2.x/.terraform/plugins/linux_amd64/terraform-provider-aws_v2.26.0_x4"}:struct {}{}, discovery.PluginMeta{Name:"null", Version:"2.1.2", Path:"/jenkins/workspace/terraform-aws-dcos_support_0.2.x/.terraform/plugins/linux_amd64/terraform-provider-null_v2.1.2_x4"}:struct {}{}, discovery.PluginMeta{Name:"random", Version:"2.2.0", Path:"/jenkins/workspace/terraform-aws-dcos_support_0.2.x/.terraform/plugins/linux_amd64/terraform-provider-random_v2.2.0_x4"}:struct {}{}, discovery.PluginMeta{Name:"tls", Version:"2.1.0", Path:"/jenkins/workspace/terraform-aws-dcos_support_0.2.x/.terraform/plugins/linux_amd64/terraform-provider-tls_v2.1.0_x4"}:struct {}{}}
2019/08/30 11:01:55 [DEBUG] filtered plugins discovery.PluginMetaSet{discovery.PluginMeta{Name:"random", Version:"2.2.0", Path:"/jenkins/workspace/terraform-aws-dcos_support_0.2.x/.terraform/plugins/linux_amd64/terraform-provider-random_v2.2.0_x4"}:struct {}{}}
2019/08/30 11:01:55 [DEBUG] fetching provider info for template version 2.1.2
2019/08/30 11:01:55 [DEBUG] getting provider "template" version "2.1.2"
2019/08/30 11:01:55 [DEBUG] plugin cache is disabled, so downloading template 2.1.2 from https://releases.hashicorp.com/terraform-provider-template/2.1.2/terraform-provider-template_2.1.2_linux_amd64.zip?checksum=sha256:149e4bf47ac21b67f6567767afcd29caaf0b0ca43714748093a00a2a98cd17a8
2019/08/30 11:01:56 [DEBUG] looking for the template 2.1.2 plugin we just installed
2019/08/30 11:01:56 [DEBUG] checking for provider in ".terraform/plugins/linux_amd64"
2019/08/30 11:01:56 [DEBUG] found provider "terraform-provider-aws_v2.26.0_x4"
2019/08/30 11:01:56 [DEBUG] found provider "terraform-provider-null_v2.1.2_x4"
2019/08/30 11:01:56 [DEBUG] found provider "terraform-provider-random_v2.2.0_x4"
2019/08/30 11:01:56 [DEBUG] found provider "terraform-provider-template_v2.1.2_x4"
2019/08/30 11:01:56 [DEBUG] found provider "terraform-provider-tls_v2.1.0_x4"
2019/08/30 11:01:56 [DEBUG] all plugins found discovery.PluginMetaSet{discovery.PluginMeta{Name:"aws", Version:"2.26.0", Path:"/jenkins/workspace/terraform-aws-dcos_support_0.2.x/.terraform/plugins/linux_amd64/terraform-provider-aws_v2.26.0_x4"}:struct {}{}, discovery.PluginMeta{Name:"null", Version:"2.1.2", Path:"/jenkins/workspace/terraform-aws-dcos_support_0.2.x/.terraform/plugins/linux_amd64/terraform-provider-null_v2.1.2_x4"}:struct {}{}, discovery.PluginMeta{Name:"random", Version:"2.2.0", Path:"/jenkins/workspace/terraform-aws-dcos_support_0.2.x/.terraform/plugins/linux_amd64/terraform-provider-random_v2.2.0_x4"}:struct {}{}, discovery.PluginMeta{Name:"template", Version:"2.1.2", Path:"/jenkins/workspace/terraform-aws-dcos_support_0.2.x/.terraform/plugins/linux_amd64/terraform-provider-template_v2.1.2_x4"}:struct {}{}, discovery.PluginMeta{Name:"tls", Version:"2.1.0", Path:"/jenkins/workspace/terraform-aws-dcos_support_0.2.x/.terraform/plugins/linux_amd64/terraform-provider-tls_v2.1.0_x4"}:struct {}{}}
2019/08/30 11:01:56 [DEBUG] filtered plugins discovery.PluginMetaSet{discovery.PluginMeta{Name:"template", Version:"2.1.2", Path:"/jenkins/workspace/terraform-aws-dcos_support_0.2.x/.terraform/plugins/linux_amd64/terraform-provider-template_v2.1.2_x4"}:struct {}{}}
2019/08/30 11:01:56 [DEBUG] checking for provider in "."
2019/08/30 11:01:56 [DEBUG] checking for provider in "/bin"
2019/08/30 11:01:56 [DEBUG] checking for provider in ".terraform/plugins/linux_amd64"
2019/08/30 11:01:56 [DEBUG] found provider "terraform-provider-aws_v2.26.0_x4"
2019/08/30 11:01:56 [DEBUG] found provider "terraform-provider-null_v2.1.2_x4"
2019/08/30 11:01:56 [DEBUG] found provider "terraform-provider-random_v2.2.0_x4"
2019/08/30 11:01:56 [DEBUG] found provider "terraform-provider-template_v2.1.2_x4"
2019/08/30 11:01:56 [DEBUG] found provider "terraform-provider-tls_v2.1.0_x4"
2019/08/30 11:01:56 [DEBUG] found valid plugin: "tls", "2.1.0", "/jenkins/workspace/terraform-aws-dcos_support_0.2.x/.terraform/plugins/linux_amd64/terraform-provider-tls_v2.1.0_x4"
2019/08/30 11:01:56 [DEBUG] found valid plugin: "aws", "2.26.0", "/jenkins/workspace/terraform-aws-dcos_support_0.2.x/.terraform/plugins/linux_amd64/terraform-provider-aws_v2.26.0_x4"
2019/08/30 11:01:56 [DEBUG] found valid plugin: "null", "2.1.2", "/jenkins/workspace/terraform-aws-dcos_support_0.2.x/.terraform/plugins/linux_amd64/terraform-provider-null_v2.1.2_x4"
2019/08/30 11:01:56 [DEBUG] found valid plugin: "random", "2.2.0", "/jenkins/workspace/terraform-aws-dcos_support_0.2.x/.terraform/plugins/linux_amd64/terraform-provider-random_v2.2.0_x4"
2019/08/30 11:01:56 [DEBUG] found valid plugin: "template", "2.1.2", "/jenkins/workspace/terraform-aws-dcos_support_0.2.x/.terraform/plugins/linux_amd64/terraform-provider-template_v2.1.2_x4"
2019/08/30 11:01:57 [DEBUG] checking for provider in ".terraform/plugins/linux_amd64"
2019/08/30 11:01:57 [DEBUG] found provider "terraform-provider-aws_v2.26.0_x4"
2019/08/30 11:01:57 [DEBUG] found provider "terraform-provider-null_v2.1.2_x4"
2019/08/30 11:01:57 [DEBUG] found provider "terraform-provider-random_v2.2.0_x4"
2019/08/30 11:01:57 [DEBUG] found provider "terraform-provider-template_v2.1.2_x4"
2019/08/30 11:01:57 [DEBUG] found provider "terraform-provider-tls_v2.1.0_x4"
2019/08/30 11:01:57 [DEBUG] plugin: waiting for all plugin processes to complete...
2019/08/30 11:01:57 [INFO] Terraform version: 0.11.14 mesosphere 
2019/08/30 11:01:57 [INFO] Go runtime version: go1.12
2019/08/30 11:01:57 [INFO] CLI args: []string{"/bin/terraform", "validate", "-check-variables=false"}
2019/08/30 11:01:57 [DEBUG] Attempting to open CLI config file: /root/.terraformrc
2019/08/30 11:01:57 [DEBUG] File doesn't exist, but doesn't need to. Ignoring.
2019/08/30 11:01:57 [INFO] CLI command args: []string{"validate", "-check-variables=false"}
2019/08/30 11:01:57 [DEBUG] plugin: waiting for all plugin processes to complete...
2019/08/30 11:02:42 [INFO] Terraform version: 0.11.14 mesosphere 
2019/08/30 11:02:42 [INFO] Go runtime version: go1.12
2019/08/30 11:02:42 [INFO] CLI args: []string{"/bin/terraform", "fmt", "dcos_core_variables.tf"}
2019/08/30 11:02:42 [DEBUG] Attempting to open CLI config file: /root/.terraformrc
2019/08/30 11:02:42 [DEBUG] File doesn't exist, but doesn't need to. Ignoring.
2019/08/30 11:02:42 [INFO] CLI command args: []string{"fmt", "dcos_core_variables.tf"}
2019/08/30 11:02:42 [DEBUG] plugin: waiting for all plugin processes to complete...
2019/08/30 11:02:42 [INFO] Terraform version: 0.11.14 mesosphere 
2019/08/30 11:02:42 [INFO] Go runtime version: go1.12
2019/08/30 11:02:42 [INFO] CLI args: []string{"/bin/terraform", "fmt", "infra_module_output.tf"}
2019/08/30 11:02:42 [DEBUG] Attempting to open CLI config file: /root/.terraformrc
2019/08/30 11:02:42 [DEBUG] File doesn't exist, but doesn't need to. Ignoring.
2019/08/30 11:02:42 [INFO] CLI command args: []string{"fmt", "infra_module_output.tf"}
2019/08/30 11:02:42 [DEBUG] plugin: waiting for all plugin processes to complete...
2019/08/30 11:02:42 [INFO] Terraform version: 0.11.14 mesosphere 
2019/08/30 11:02:42 [INFO] Go runtime version: go1.12
2019/08/30 11:02:42 [INFO] CLI args: []string{"/bin/terraform", "fmt", "main.tf"}
2019/08/30 11:02:42 [DEBUG] Attempting to open CLI config file: /root/.terraformrc
2019/08/30 11:02:42 [DEBUG] File doesn't exist, but doesn't need to. Ignoring.
2019/08/30 11:02:42 [INFO] CLI command args: []string{"fmt", "main.tf"}
2019/08/30 11:02:42 [DEBUG] plugin: waiting for all plugin processes to complete...
2019/08/30 11:02:42 [INFO] Terraform version: 0.11.14 mesosphere 
2019/08/30 11:02:42 [INFO] Go runtime version: go1.12
2019/08/30 11:02:42 [INFO] CLI args: []string{"/bin/terraform", "fmt", "meta.tf"}
2019/08/30 11:02:42 [DEBUG] Attempting to open CLI config file: /root/.terraformrc
2019/08/30 11:02:42 [DEBUG] File doesn't exist, but doesn't need to. Ignoring.
2019/08/30 11:02:42 [INFO] CLI command args: []string{"fmt", "meta.tf"}
2019/08/30 11:02:42 [DEBUG] plugin: waiting for all plugin processes to complete...
2019/08/30 11:02:42 [INFO] Terraform version: 0.11.14 mesosphere 
2019/08/30 11:02:42 [INFO] Go runtime version: go1.12
2019/08/30 11:02:42 [INFO] CLI args: []string{"/bin/terraform", "fmt", "outputs.tf"}
2019/08/30 11:02:42 [DEBUG] Attempting to open CLI config file: /root/.terraformrc
2019/08/30 11:02:42 [DEBUG] File doesn't exist, but doesn't need to. Ignoring.
2019/08/30 11:02:42 [INFO] CLI command args: []string{"fmt", "outputs.tf"}
2019/08/30 11:02:42 [DEBUG] plugin: waiting for all plugin processes to complete...
2019/08/30 11:02:42 [INFO] Terraform version: 0.11.14 mesosphere 
2019/08/30 11:02:42 [INFO] Go runtime version: go1.12
2019/08/30 11:02:42 [INFO] CLI args: []string{"/bin/terraform", "fmt", "variables.tf"}
2019/08/30 11:02:42 [DEBUG] Attempting to open CLI config file: /root/.terraformrc
2019/08/30 11:02:42 [DEBUG] File doesn't exist, but doesn't need to. Ignoring.
2019/08/30 11:02:42 [INFO] CLI command args: []string{"fmt", "variables.tf"}
2019/08/30 11:02:42 [DEBUG] plugin: waiting for all plugin processes to complete...
